E_ERROR Class 'Helpers\View\View' not found in D:\xampp\htdocs\automailer\application\controllers\HomeController.php on line (31) As seen from  D:\xampp\htdocs\automailer\system\Exceptions\Debug\BaseShutdown.php(38): handler(1, 'Class 'Helpers\\...', 'D:\\xampp\\htdocs...', 31)
#1 [internal function]: shut()
#2 {main}
The class Controllers\FontsController is undefined D:\xampp\htdocs\automailer\system\start.php(87) As seen from  D:\xampp\htdocs\automailer\system\bootstrap.php(104): {closure}()
#1 D:\xampp\htdocs\automailer\public\index.php(60): require_once('D:\\xampp\\htdocs...')
#2 {main}
The class Controllers\FontsController is undefined D:\xampp\htdocs\automailer\system\start.php(87) As seen from  D:\xampp\htdocs\automailer\system\bootstrap.php(104): {closure}()
#1 D:\xampp\htdocs\automailer\public\index.php(60): require_once('D:\\xampp\\htdocs...')
#2 {main}
The class Controllers\FontsController is undefined D:\xampp\htdocs\automailer\system\start.php(87) As seen from  D:\xampp\htdocs\automailer\system\bootstrap.php(104): {closure}()
#1 D:\xampp\htdocs\automailer\public\index.php(60): require_once('D:\\xampp\\htdocs...')
#2 {main}
The class Controllers\FontsController is undefined D:\xampp\htdocs\automailer\system\start.php(87) As seen from  D:\xampp\htdocs\automailer\system\bootstrap.php(104): {closure}()
#1 D:\xampp\htdocs\automailer\public\index.php(60): require_once('D:\\xampp\\htdocs...')
#2 {main}
The class Controllers\FontsController is undefined D:\xampp\htdocs\automailer\system\start.php(87) As seen from  D:\xampp\htdocs\automailer\system\bootstrap.php(104): {closure}()
#1 D:\xampp\htdocs\automailer\public\index.php(60): require_once('D:\\xampp\\htdocs...')
#2 {main}
The class Controllers\FontsController is undefined D:\xampp\htdocs\automailer\system\start.php(87) As seen from  D:\xampp\htdocs\automailer\system\bootstrap.php(104): {closure}()
#1 D:\xampp\htdocs\automailer\public\index.php(60): require_once('D:\\xampp\\htdocs...')
#2 {main}
Access to undefined method Controllers\ListsController->css D:\xampp\htdocs\automailer\system\start.php(95) As seen from  D:\xampp\htdocs\automailer\system\bootstrap.php(104): {closure}()
#1 D:\xampp\htdocs\automailer\public\index.php(60): require_once('D:\\xampp\\htdocs...')
#2 {main}
Access to undefined method Controllers\ListsController->font-awesome D:\xampp\htdocs\automailer\system\start.php(95) As seen from  D:\xampp\htdocs\automailer\system\bootstrap.php(104): {closure}()
#1 D:\xampp\htdocs\automailer\public\index.php(60): require_once('D:\\xampp\\htdocs...')
#2 {main}
Access to undefined method Controllers\ListsController->js D:\xampp\htdocs\automailer\system\start.php(95) As seen from  D:\xampp\htdocs\automailer\system\bootstrap.php(104): {closure}()
#1 D:\xampp\htdocs\automailer\public\index.php(60): require_once('D:\\xampp\\htdocs...')
#2 {main}
Access to undefined method Controllers\ListsController->js D:\xampp\htdocs\automailer\system\start.php(95) As seen from  D:\xampp\htdocs\automailer\system\bootstrap.php(104): {closure}()
#1 D:\xampp\htdocs\automailer\public\index.php(60): require_once('D:\\xampp\\htdocs...')
#2 {main}
Access to undefined method Controllers\ListsController->js D:\xampp\htdocs\automailer\system\start.php(95) As seen from  D:\xampp\htdocs\automailer\system\bootstrap.php(104): {closure}()
#1 D:\xampp\htdocs\automailer\public\index.php(60): require_once('D:\\xampp\\htdocs...')
#2 {main}
Access to undefined method Controllers\ListsController->css D:\xampp\htdocs\automailer\system\start.php(95) As seen from  D:\xampp\htdocs\automailer\system\bootstrap.php(104): {closure}()
#1 D:\xampp\htdocs\automailer\public\index.php(60): require_once('D:\\xampp\\htdocs...')
#2 {main}
The class Controllers\FontsController is undefined D:\xampp\htdocs\automailer\system\start.php(87) As seen from  D:\xampp\htdocs\automailer\system\bootstrap.php(104): {closure}()
#1 D:\xampp\htdocs\automailer\public\index.php(60): require_once('D:\\xampp\\htdocs...')
#2 {main}
The class Controllers\FontsController is undefined D:\xampp\htdocs\automailer\system\start.php(87) As seen from  D:\xampp\htdocs\automailer\system\bootstrap.php(104): {closure}()
#1 D:\xampp\htdocs\automailer\public\index.php(60): require_once('D:\\xampp\\htdocs...')
#2 {main}
The class Controllers\FontsController is undefined D:\xampp\htdocs\automailer\system\start.php(87) As seen from  D:\xampp\htdocs\automailer\system\bootstrap.php(104): {closure}()
#1 D:\xampp\htdocs\automailer\public\index.php(60): require_once('D:\\xampp\\htdocs...')
#2 {main}
Access to undefined method Controllers\ListsController->css D:\xampp\htdocs\automailer\system\start.php(95) As seen from  D:\xampp\htdocs\automailer\system\bootstrap.php(104): {closure}()
#1 D:\xampp\htdocs\automailer\public\index.php(60): require_once('D:\\xampp\\htdocs...')
#2 {main}
Access to undefined method Controllers\ListsController->font-awesome D:\xampp\htdocs\automailer\system\start.php(95) As seen from  D:\xampp\htdocs\automailer\system\bootstrap.php(104): {closure}()
#1 D:\xampp\htdocs\automailer\public\index.php(60): require_once('D:\\xampp\\htdocs...')
#2 {main}
Access to undefined method Controllers\ListsController->css D:\xampp\htdocs\automailer\system\start.php(95) As seen from  D:\xampp\htdocs\automailer\system\bootstrap.php(104): {closure}()
#1 D:\xampp\htdocs\automailer\public\index.php(60): require_once('D:\\xampp\\htdocs...')
#2 {main}
Access to undefined method Controllers\ListsController->js D:\xampp\htdocs\automailer\system\start.php(95) As seen from  D:\xampp\htdocs\automailer\system\bootstrap.php(104): {closure}()
#1 D:\xampp\htdocs\automailer\public\index.php(60): require_once('D:\\xampp\\htdocs...')
#2 {main}
Access to undefined method Controllers\ListsController->js D:\xampp\htdocs\automailer\system\start.php(95) As seen from  D:\xampp\htdocs\automailer\system\bootstrap.php(104): {closure}()
#1 D:\xampp\htdocs\automailer\public\index.php(60): require_once('D:\\xampp\\htdocs...')
#2 {main}
Access to undefined method Controllers\ListsController->js D:\xampp\htdocs\automailer\system\start.php(95) As seen from  D:\xampp\htdocs\automailer\system\bootstrap.php(104): {closure}()
#1 D:\xampp\htdocs\automailer\public\index.php(60): require_once('D:\\xampp\\htdocs...')
#2 {main}
Access to undefined method Controllers\ListsController->css D:\xampp\htdocs\automailer\system\start.php(95) As seen from  D:\xampp\htdocs\automailer\system\bootstrap.php(104): {closure}()
#1 D:\xampp\htdocs\automailer\public\index.php(60): require_once('D:\\xampp\\htdocs...')
#2 {main}
Access to undefined method Controllers\ListsController->font-awesome D:\xampp\htdocs\automailer\system\start.php(95) As seen from  D:\xampp\htdocs\automailer\system\bootstrap.php(104): {closure}()
#1 D:\xampp\htdocs\automailer\public\index.php(60): require_once('D:\\xampp\\htdocs...')
#2 {main}
Access to undefined method Controllers\ListsController->css D:\xampp\htdocs\automailer\system\start.php(95) As seen from  D:\xampp\htdocs\automailer\system\bootstrap.php(104): {closure}()
#1 D:\xampp\htdocs\automailer\public\index.php(60): require_once('D:\\xampp\\htdocs...')
#2 {main}
Access to undefined method Controllers\ListsController->js D:\xampp\htdocs\automailer\system\start.php(95) As seen from  D:\xampp\htdocs\automailer\system\bootstrap.php(104): {closure}()
#1 D:\xampp\htdocs\automailer\public\index.php(60): require_once('D:\\xampp\\htdocs...')
#2 {main}
Access to undefined method Controllers\ListsController->js D:\xampp\htdocs\automailer\system\start.php(95) As seen from  D:\xampp\htdocs\automailer\system\bootstrap.php(104): {closure}()
#1 D:\xampp\htdocs\automailer\public\index.php(60): require_once('D:\\xampp\\htdocs...')
#2 {main}
Access to undefined method Controllers\ListsController->js D:\xampp\htdocs\automailer\system\start.php(95) As seen from  D:\xampp\htdocs\automailer\system\bootstrap.php(104): {closure}()
#1 D:\xampp\htdocs\automailer\public\index.php(60): require_once('D:\\xampp\\htdocs...')
#2 {main}
The class Controllers\FontsController is undefined D:\xampp\htdocs\automailer\system\start.php(87) As seen from  D:\xampp\htdocs\automailer\system\bootstrap.php(104): {closure}()
#1 D:\xampp\htdocs\automailer\public\index.php(60): require_once('D:\\xampp\\htdocs...')
#2 {main}
The class Controllers\FontsController is undefined D:\xampp\htdocs\automailer\system\start.php(87) As seen from  D:\xampp\htdocs\automailer\system\bootstrap.php(104): {closure}()
#1 D:\xampp\htdocs\automailer\public\index.php(60): require_once('D:\\xampp\\htdocs...')
#2 {main}
The class Controllers\FontsController is undefined D:\xampp\htdocs\automailer\system\start.php(87) As seen from  D:\xampp\htdocs\automailer\system\bootstrap.php(104): {closure}()
#1 D:\xampp\htdocs\automailer\public\index.php(60): require_once('D:\\xampp\\htdocs...')
#2 {main}
The class Controllers\FontsController is undefined D:\xampp\htdocs\automailer\system\start.php(87) As seen from  D:\xampp\htdocs\automailer\system\bootstrap.php(104): {closure}()
#1 D:\xampp\htdocs\automailer\public\index.php(60): require_once('D:\\xampp\\htdocs...')
#2 {main}
The class Controllers\FontsController is undefined D:\xampp\htdocs\automailer\system\start.php(87) As seen from  D:\xampp\htdocs\automailer\system\bootstrap.php(104): {closure}()
#1 D:\xampp\htdocs\automailer\public\index.php(60): require_once('D:\\xampp\\htdocs...')
#2 {main}
The class Controllers\FontsController is undefined D:\xampp\htdocs\automailer\system\start.php(87) As seen from  D:\xampp\htdocs\automailer\system\bootstrap.php(104): {closure}()
#1 D:\xampp\htdocs\automailer\public\index.php(60): require_once('D:\\xampp\\htdocs...')
#2 {main}
The class Controllers\FontsController is undefined D:\xampp\htdocs\automailer\system\start.php(87) As seen from  D:\xampp\htdocs\automailer\system\bootstrap.php(104): {closure}()
#1 D:\xampp\htdocs\automailer\public\index.php(60): require_once('D:\\xampp\\htdocs...')
#2 {main}
The class Controllers\FontsController is undefined D:\xampp\htdocs\automailer\system\start.php(87) As seen from  D:\xampp\htdocs\automailer\system\bootstrap.php(104): {closure}()
#1 D:\xampp\htdocs\automailer\public\index.php(60): require_once('D:\\xampp\\htdocs...')
#2 {main}
The class Controllers\FontsController is undefined D:\xampp\htdocs\automailer\system\start.php(87) As seen from  D:\xampp\htdocs\automailer\system\bootstrap.php(104): {closure}()
#1 D:\xampp\htdocs\automailer\public\index.php(60): require_once('D:\\xampp\\htdocs...')
#2 {main}
Access to undefined method Controllers\ListsController->css D:\xampp\htdocs\automailer\system\start.php(95) As seen from  D:\xampp\htdocs\automailer\system\bootstrap.php(104): {closure}()
#1 D:\xampp\htdocs\automailer\public\index.php(60): require_once('D:\\xampp\\htdocs...')
#2 {main}
Access to undefined method Controllers\ListsController->font-awesome D:\xampp\htdocs\automailer\system\start.php(95) As seen from  D:\xampp\htdocs\automailer\system\bootstrap.php(104): {closure}()
#1 D:\xampp\htdocs\automailer\public\index.php(60): require_once('D:\\xampp\\htdocs...')
#2 {main}
Access to undefined method Controllers\ListsController->css D:\xampp\htdocs\automailer\system\start.php(95) As seen from  D:\xampp\htdocs\automailer\system\bootstrap.php(104): {closure}()
#1 D:\xampp\htdocs\automailer\public\index.php(60): require_once('D:\\xampp\\htdocs...')
#2 {main}
Access to undefined method Controllers\ListsController->js D:\xampp\htdocs\automailer\system\start.php(95) As seen from  D:\xampp\htdocs\automailer\system\bootstrap.php(104): {closure}()
#1 D:\xampp\htdocs\automailer\public\index.php(60): require_once('D:\\xampp\\htdocs...')
#2 {main}
Access to undefined method Controllers\ListsController->js D:\xampp\htdocs\automailer\system\start.php(95) As seen from  D:\xampp\htdocs\automailer\system\bootstrap.php(104): {closure}()
#1 D:\xampp\htdocs\automailer\public\index.php(60): require_once('D:\\xampp\\htdocs...')
#2 {main}
Access to undefined method Controllers\ListsController->js D:\xampp\htdocs\automailer\system\start.php(95) As seen from  D:\xampp\htdocs\automailer\system\bootstrap.php(104): {closure}()
#1 D:\xampp\htdocs\automailer\public\index.php(60): require_once('D:\\xampp\\htdocs...')
#2 {main}
The class Controllers\FontsController is undefined D:\xampp\htdocs\automailer\system\start.php(87) As seen from  D:\xampp\htdocs\automailer\system\bootstrap.php(104): {closure}()
#1 D:\xampp\htdocs\automailer\public\index.php(60): require_once('D:\\xampp\\htdocs...')
#2 {main}
The class Controllers\FontsController is undefined D:\xampp\htdocs\automailer\system\start.php(87) As seen from  D:\xampp\htdocs\automailer\system\bootstrap.php(104): {closure}()
#1 D:\xampp\htdocs\automailer\public\index.php(60): require_once('D:\\xampp\\htdocs...')
#2 {main}
The class Controllers\FontsController is undefined D:\xampp\htdocs\automailer\system\start.php(87) As seen from  D:\xampp\htdocs\automailer\system\bootstrap.php(104): {closure}()
#1 D:\xampp\htdocs\automailer\public\index.php(60): require_once('D:\\xampp\\htdocs...')
#2 {main}
The class Controllers\FontsController is undefined D:\xampp\htdocs\automailer\system\start.php(87) As seen from  D:\xampp\htdocs\automailer\system\bootstrap.php(104): {closure}()
#1 D:\xampp\htdocs\automailer\public\index.php(60): require_once('D:\\xampp\\htdocs...')
#2 {main}
The class Controllers\FontsController is undefined D:\xampp\htdocs\automailer\system\start.php(87) As seen from  D:\xampp\htdocs\automailer\system\bootstrap.php(104): {closure}()
#1 D:\xampp\htdocs\automailer\public\index.php(60): require_once('D:\\xampp\\htdocs...')
#2 {main}
The class Controllers\FontsController is undefined D:\xampp\htdocs\automailer\system\start.php(87) As seen from  D:\xampp\htdocs\automailer\system\bootstrap.php(104): {closure}()
#1 D:\xampp\htdocs\automailer\public\index.php(60): require_once('D:\\xampp\\htdocs...')
#2 {main}
The class Controllers\FontsController is undefined D:\xampp\htdocs\automailer\system\start.php(87) As seen from  D:\xampp\htdocs\automailer\system\bootstrap.php(104): {closure}()
#1 D:\xampp\htdocs\automailer\public\index.php(60): require_once('D:\\xampp\\htdocs...')
#2 {main}
The class Controllers\FontsController is undefined D:\xampp\htdocs\automailer\system\start.php(87) As seen from  D:\xampp\htdocs\automailer\system\bootstrap.php(104): {closure}()
#1 D:\xampp\htdocs\automailer\public\index.php(60): require_once('D:\\xampp\\htdocs...')
#2 {main}
The class Controllers\FontsController is undefined D:\xampp\htdocs\automailer\system\start.php(87) As seen from  D:\xampp\htdocs\automailer\system\bootstrap.php(104): {closure}()
#1 D:\xampp\htdocs\automailer\public\index.php(60): require_once('D:\\xampp\\htdocs...')
#2 {main}
The class Controllers\FontsController is undefined D:\xampp\htdocs\automailer\system\start.php(87) As seen from  D:\xampp\htdocs\automailer\system\bootstrap.php(104): {closure}()
#1 D:\xampp\htdocs\automailer\public\index.php(60): require_once('D:\\xampp\\htdocs...')
#2 {main}
The class Controllers\FontsController is undefined D:\xampp\htdocs\automailer\system\start.php(87) As seen from  D:\xampp\htdocs\automailer\system\bootstrap.php(104): {closure}()
#1 D:\xampp\htdocs\automailer\public\index.php(60): require_once('D:\\xampp\\htdocs...')
#2 {main}
The class Controllers\FontsController is undefined D:\xampp\htdocs\automailer\system\start.php(87) As seen from  D:\xampp\htdocs\automailer\system\bootstrap.php(104): {closure}()
#1 D:\xampp\htdocs\automailer\public\index.php(60): require_once('D:\\xampp\\htdocs...')
#2 {main}
The class Controllers\FontsController is undefined D:\xampp\htdocs\automailer\system\start.php(87) As seen from  D:\xampp\htdocs\automailer\system\bootstrap.php(104): {closure}()
#1 D:\xampp\htdocs\automailer\public\index.php(60): require_once('D:\\xampp\\htdocs...')
#2 {main}
The class Controllers\FontsController is undefined D:\xampp\htdocs\automailer\system\start.php(87) As seen from  D:\xampp\htdocs\automailer\system\bootstrap.php(104): {closure}()
#1 D:\xampp\htdocs\automailer\public\index.php(60): require_once('D:\\xampp\\htdocs...')
#2 {main}
The class Controllers\FontsController is undefined D:\xampp\htdocs\automailer\system\start.php(87) As seen from  D:\xampp\htdocs\automailer\system\bootstrap.php(104): {closure}()
#1 D:\xampp\htdocs\automailer\public\index.php(60): require_once('D:\\xampp\\htdocs...')
#2 {main}
The class Controllers\FontsController is undefined D:\xampp\htdocs\automailer\system\start.php(87) As seen from  D:\xampp\htdocs\automailer\system\bootstrap.php(104): {closure}()
#1 D:\xampp\htdocs\automailer\public\index.php(60): require_once('D:\\xampp\\htdocs...')
#2 {main}
The class Controllers\FontsController is undefined D:\xampp\htdocs\automailer\system\start.php(87) As seen from  D:\xampp\htdocs\automailer\system\bootstrap.php(104): {closure}()
#1 D:\xampp\htdocs\automailer\public\index.php(60): require_once('D:\\xampp\\htdocs...')
#2 {main}
The class Controllers\FontsController is undefined D:\xampp\htdocs\automailer\system\start.php(87) As seen from  D:\xampp\htdocs\automailer\system\bootstrap.php(104): {closure}()
#1 D:\xampp\htdocs\automailer\public\index.php(60): require_once('D:\\xampp\\htdocs...')
#2 {main}
Access to undefined method Controllers\ListsController->css D:\xampp\htdocs\automailer\system\start.php(95) As seen from  D:\xampp\htdocs\automailer\system\bootstrap.php(104): {closure}()
#1 D:\xampp\htdocs\automailer\public\index.php(60): require_once('D:\\xampp\\htdocs...')
#2 {main}
Access to undefined method Controllers\ListsController->font-awesome D:\xampp\htdocs\automailer\system\start.php(95) As seen from  D:\xampp\htdocs\automailer\system\bootstrap.php(104): {closure}()
#1 D:\xampp\htdocs\automailer\public\index.php(60): require_once('D:\\xampp\\htdocs...')
#2 {main}
Access to undefined method Controllers\ListsController->css D:\xampp\htdocs\automailer\system\start.php(95) As seen from  D:\xampp\htdocs\automailer\system\bootstrap.php(104): {closure}()
#1 D:\xampp\htdocs\automailer\public\index.php(60): require_once('D:\\xampp\\htdocs...')
#2 {main}
Access to undefined method Controllers\ListsController->js D:\xampp\htdocs\automailer\system\start.php(95) As seen from  D:\xampp\htdocs\automailer\system\bootstrap.php(104): {closure}()
#1 D:\xampp\htdocs\automailer\public\index.php(60): require_once('D:\\xampp\\htdocs...')
#2 {main}
Access to undefined method Controllers\ListsController->js D:\xampp\htdocs\automailer\system\start.php(95) As seen from  D:\xampp\htdocs\automailer\system\bootstrap.php(104): {closure}()
#1 D:\xampp\htdocs\automailer\public\index.php(60): require_once('D:\\xampp\\htdocs...')
#2 {main}
Access to undefined method Controllers\ListsController->js D:\xampp\htdocs\automailer\system\start.php(95) As seen from  D:\xampp\htdocs\automailer\system\bootstrap.php(104): {closure}()
#1 D:\xampp\htdocs\automailer\public\index.php(60): require_once('D:\\xampp\\htdocs...')
#2 {main}
The class Controllers\FontsController is undefined D:\xampp\htdocs\automailer\system\start.php(87) As seen from  D:\xampp\htdocs\automailer\system\bootstrap.php(104): {closure}()
#1 D:\xampp\htdocs\automailer\public\index.php(60): require_once('D:\\xampp\\htdocs...')
#2 {main}
The class Controllers\FontsController is undefined D:\xampp\htdocs\automailer\system\start.php(87) As seen from  D:\xampp\htdocs\automailer\system\bootstrap.php(104): {closure}()
#1 D:\xampp\htdocs\automailer\public\index.php(60): require_once('D:\\xampp\\htdocs...')
#2 {main}
The class Controllers\FontsController is undefined D:\xampp\htdocs\automailer\system\start.php(87) As seen from  D:\xampp\htdocs\automailer\system\bootstrap.php(104): {closure}()
#1 D:\xampp\htdocs\automailer\public\index.php(60): require_once('D:\\xampp\\htdocs...')
#2 {main}
The class Controllers\FontsController is undefined D:\xampp\htdocs\automailer\system\start.php(87) As seen from  D:\xampp\htdocs\automailer\system\bootstrap.php(104): {closure}()
#1 D:\xampp\htdocs\automailer\public\index.php(60): require_once('D:\\xampp\\htdocs...')
#2 {main}
The class Controllers\FontsController is undefined D:\xampp\htdocs\automailer\system\start.php(87) As seen from  D:\xampp\htdocs\automailer\system\bootstrap.php(104): {closure}()
#1 D:\xampp\htdocs\automailer\public\index.php(60): require_once('D:\\xampp\\htdocs...')
#2 {main}
The class Controllers\FontsController is undefined D:\xampp\htdocs\automailer\system\start.php(87) As seen from  D:\xampp\htdocs\automailer\system\bootstrap.php(104): {closure}()
#1 D:\xampp\htdocs\automailer\public\index.php(60): require_once('D:\\xampp\\htdocs...')
#2 {main}
The class Controllers\FontsController is undefined D:\xampp\htdocs\automailer\system\start.php(87) As seen from  D:\xampp\htdocs\automailer\system\bootstrap.php(104): {closure}()
#1 D:\xampp\htdocs\automailer\public\index.php(60): require_once('D:\\xampp\\htdocs...')
#2 {main}
The class Controllers\FontsController is undefined D:\xampp\htdocs\automailer\system\start.php(87) As seen from  D:\xampp\htdocs\automailer\system\bootstrap.php(104): {closure}()
#1 D:\xampp\htdocs\automailer\public\index.php(60): require_once('D:\\xampp\\htdocs...')
#2 {main}
The class Controllers\FontsController is undefined D:\xampp\htdocs\automailer\system\start.php(87) As seen from  D:\xampp\htdocs\automailer\system\bootstrap.php(104): {closure}()
#1 D:\xampp\htdocs\automailer\public\index.php(60): require_once('D:\\xampp\\htdocs...')
#2 {main}
Access to undefined method Controllers\ListsController->css D:\xampp\htdocs\automailer\system\start.php(95) As seen from  D:\xampp\htdocs\automailer\system\bootstrap.php(104): {closure}()
#1 D:\xampp\htdocs\automailer\public\index.php(60): require_once('D:\\xampp\\htdocs...')
#2 {main}
Access to undefined method Controllers\ListsController->font-awesome D:\xampp\htdocs\automailer\system\start.php(95) As seen from  D:\xampp\htdocs\automailer\system\bootstrap.php(104): {closure}()
#1 D:\xampp\htdocs\automailer\public\index.php(60): require_once('D:\\xampp\\htdocs...')
#2 {main}
Access to undefined method Controllers\ListsController->css D:\xampp\htdocs\automailer\system\start.php(95) As seen from  D:\xampp\htdocs\automailer\system\bootstrap.php(104): {closure}()
#1 D:\xampp\htdocs\automailer\public\index.php(60): require_once('D:\\xampp\\htdocs...')
#2 {main}
Access to undefined method Controllers\ListsController->js D:\xampp\htdocs\automailer\system\start.php(95) As seen from  D:\xampp\htdocs\automailer\system\bootstrap.php(104): {closure}()
#1 D:\xampp\htdocs\automailer\public\index.php(60): require_once('D:\\xampp\\htdocs...')
#2 {main}
Access to undefined method Controllers\ListsController->js D:\xampp\htdocs\automailer\system\start.php(95) As seen from  D:\xampp\htdocs\automailer\system\bootstrap.php(104): {closure}()
#1 D:\xampp\htdocs\automailer\public\index.php(60): require_once('D:\\xampp\\htdocs...')
#2 {main}
Access to undefined method Controllers\ListsController->js D:\xampp\htdocs\automailer\system\start.php(95) As seen from  D:\xampp\htdocs\automailer\system\bootstrap.php(104): {closure}()
#1 D:\xampp\htdocs\automailer\public\index.php(60): require_once('D:\\xampp\\htdocs...')
#2 {main}
The class Controllers\FontsController is undefined D:\xampp\htdocs\automailer\system\start.php(87) As seen from  D:\xampp\htdocs\automailer\system\bootstrap.php(104): {closure}()
#1 D:\xampp\htdocs\automailer\public\index.php(60): require_once('D:\\xampp\\htdocs...')
#2 {main}
The class Controllers\FontsController is undefined D:\xampp\htdocs\automailer\system\start.php(87) As seen from  D:\xampp\htdocs\automailer\system\bootstrap.php(104): {closure}()
#1 D:\xampp\htdocs\automailer\public\index.php(60): require_once('D:\\xampp\\htdocs...')
#2 {main}
The class Controllers\FontsController is undefined D:\xampp\htdocs\automailer\system\start.php(87) As seen from  D:\xampp\htdocs\automailer\system\bootstrap.php(104): {closure}()
#1 D:\xampp\htdocs\automailer\public\index.php(60): require_once('D:\\xampp\\htdocs...')
#2 {main}
The class Controllers\FontsController is undefined D:\xampp\htdocs\automailer\system\start.php(87) As seen from  D:\xampp\htdocs\automailer\system\bootstrap.php(104): {closure}()
#1 D:\xampp\htdocs\automailer\public\index.php(60): require_once('D:\\xampp\\htdocs...')
#2 {main}
The class Controllers\FontsController is undefined D:\xampp\htdocs\automailer\system\start.php(87) As seen from  D:\xampp\htdocs\automailer\system\bootstrap.php(104): {closure}()
#1 D:\xampp\htdocs\automailer\public\index.php(60): require_once('D:\\xampp\\htdocs...')
#2 {main}
The class Controllers\FontsController is undefined D:\xampp\htdocs\automailer\system\start.php(87) As seen from  D:\xampp\htdocs\automailer\system\bootstrap.php(104): {closure}()
#1 D:\xampp\htdocs\automailer\public\index.php(60): require_once('D:\\xampp\\htdocs...')
#2 {main}
